<?xml version="1.0" encoding="UTF-8"?>
<coverage generated="1703469580408" clover="3.2.0">
  <project timestamp="1703469580408" name="All files">
    <metrics statements="8" coveredstatements="8" conditionals="5" coveredconditionals="5" methods="3" coveredmethods="3" elements="16" coveredelements="16" complexity="0" loc="8" ncloc="8" packages="1" files="1" classes="1"/>
    <file name="index.js" path="/Users/kelseyburt/Desktop/space-age/src/index.js">
      <metrics statements="8" coveredstatements="8" conditionals="5" coveredconditionals="5" methods="3" coveredmethods="3"/>
      <line num="3" count="11" type="stmt"/>
      <line num="7" count="8" type="stmt"/>
      <line num="11" count="5" type="cond" truecount="5" falsecount="0"/>
      <line num="13" count="1" type="stmt"/>
      <line num="15" count="1" type="stmt"/>
      <line num="17" count="1" type="stmt"/>
      <line num="19" count="1" type="stmt"/>
      <line num="21" count="1" type="stmt"/>
    </file>
  </project>
</coverage>
