<?xml version="1.0" encoding="UTF-8"?>
<coverage generated="1703468864479" clover="3.2.0">
  <project timestamp="1703468864479" name="All files">
    <metrics statements="6" coveredstatements="5" conditionals="3" coveredconditionals="2" methods="3" coveredmethods="3" elements="12" coveredelements="10" complexity="0" loc="6" ncloc="6" packages="1" files="1" classes="1"/>
    <file name="index.js" path="/Users/kelseyburt/Desktop/space-age/src/index.js">
      <metrics statements="6" coveredstatements="5" conditionals="3" coveredconditionals="2" methods="3" coveredmethods="3"/>
      <line num="3" count="8" type="stmt"/>
      <line num="7" count="5" type="stmt"/>
      <line num="11" count="2" type="cond" truecount="2" falsecount="1"/>
      <line num="13" count="1" type="stmt"/>
      <line num="15" count="1" type="stmt"/>
      <line num="17" count="0" type="stmt"/>
    </file>
  </project>
</coverage>
