{"/Users/kelseyburt/Desktop/space-age/src/index.js": {"path":"/Users/kelseyburt/Desktop/space-age/src/index.js","statementMap":{"0":{"start":{"line":3,"column":8},"end":{"line":3,"column":37}},"1":{"start":{"line":4,"column":8},"end":{"line":4,"column":29}},"2":{"start":{"line":8,"column":8},"end":{"line":8,"column":39}},"3":{"start":{"line":12,"column":8},"end":{"line":12,"column":33}},"4":{"start":{"line":16,"column":8},"end":{"line":29,"column":9}},"5":{"start":{"line":18,"column":16},"end":{"line":18,"column":52}},"6":{"start":{"line":20,"column":16},"end":{"line":20,"column":60}},"7":{"start":{"line":22,"column":16},"end":{"line":22,"column":60}},"8":{"start":{"line":24,"column":16},"end":{"line":24,"column":61}},"9":{"start":{"line":26,"column":16},"end":{"line":26,"column":62}},"10":{"start":{"line":28,"column":16},"end":{"line":28,"column":64}},"11":{"start":{"line":33,"column":8},"end":{"line":42,"column":9}},"12":{"start":{"line":35,"column":16},"end":{"line":35,"column":54}},"13":{"start":{"line":37,"column":16},"end":{"line":37,"column":62}},"14":{"start":{"line":39,"column":16},"end":{"line":39,"column":62}},"15":{"start":{"line":41,"column":16},"end":{"line":41,"column":63}},"16":{"start":{"line":46,"column":8},"end":{"line":59,"column":9}},"17":{"start":{"line":48,"column":16},"end":{"line":48,"column":37}},"18":{"start":{"line":50,"column":16},"end":{"line":50,"column":43}},"19":{"start":{"line":52,"column":16},"end":{"line":52,"column":43}},"20":{"start":{"line":54,"column":16},"end":{"line":54,"column":44}},"21":{"start":{"line":56,"column":16},"end":{"line":56,"column":45}},"22":{"start":{"line":58,"column":16},"end":{"line":58,"column":64}}},"fnMap":{"0":{"name":"(anonymous_0)","decl":{"start":{"line":2,"column":4},"end":{"line":2,"column":5}},"loc":{"start":{"line":2,"column":18},"end":{"line":5,"column":5}},"line":2},"1":{"name":"(anonymous_1)","decl":{"start":{"line":7,"column":4},"end":{"line":7,"column":5}},"loc":{"start":{"line":7,"column":35},"end":{"line":9,"column":5}},"line":7},"2":{"name":"(anonymous_2)","decl":{"start":{"line":11,"column":4},"end":{"line":11,"column":5}},"loc":{"start":{"line":11,"column":26},"end":{"line":13,"column":5}},"line":11},"3":{"name":"(anonymous_3)","decl":{"start":{"line":15,"column":4},"end":{"line":15,"column":5}},"loc":{"start":{"line":15,"column":37},"end":{"line":30,"column":5}},"line":15},"4":{"name":"(anonymous_4)","decl":{"start":{"line":32,"column":4},"end":{"line":32,"column":5}},"loc":{"start":{"line":32,"column":39},"end":{"line":43,"column":5}},"line":32},"5":{"name":"(anonymous_5)","decl":{"start":{"line":45,"column":4},"end":{"line":45,"column":5}},"loc":{"start":{"line":45,"column":20},"end":{"line":61,"column":5}},"line":45}},"branchMap":{"0":{"loc":{"start":{"line":16,"column":8},"end":{"line":29,"column":9}},"type":"switch","locations":[{"start":{"line":17,"column":12},"end":{"line":18,"column":52}},{"start":{"line":19,"column":12},"end":{"line":20,"column":60}},{"start":{"line":21,"column":12},"end":{"line":22,"column":60}},{"start":{"line":23,"column":12},"end":{"line":24,"column":61}},{"start":{"line":25,"column":12},"end":{"line":26,"column":62}},{"start":{"line":27,"column":12},"end":{"line":28,"column":64}}],"line":16},"1":{"loc":{"start":{"line":33,"column":8},"end":{"line":42,"column":9}},"type":"switch","locations":[{"start":{"line":34,"column":12},"end":{"line":35,"column":54}},{"start":{"line":36,"column":12},"end":{"line":37,"column":62}},{"start":{"line":38,"column":12},"end":{"line":39,"column":62}},{"start":{"line":40,"column":12},"end":{"line":41,"column":63}}],"line":33},"2":{"loc":{"start":{"line":46,"column":8},"end":{"line":59,"column":9}},"type":"switch","locations":[{"start":{"line":47,"column":12},"end":{"line":48,"column":37}},{"start":{"line":49,"column":12},"end":{"line":50,"column":43}},{"start":{"line":51,"column":12},"end":{"line":52,"column":43}},{"start":{"line":53,"column":12},"end":{"line":54,"column":44}},{"start":{"line":55,"column":12},"end":{"line":56,"column":45}},{"start":{"line":57,"column":12},"end":{"line":58,"column":64}}],"line":46}},"s":{"0":24,"1":24,"2":18,"3":18,"4":6,"5":1,"6":1,"7":1,"8":1,"9":1,"10":1,"11":5,"12":1,"13":1,"14":1,"15":1,"16":6,"17":1,"18":1,"19":1,"20":1,"21":1,"22":1},"f":{"0":24,"1":18,"2":18,"3":6,"4":5,"5":6},"b":{"0":[1,1,1,1,1,1],"1":[1,1,1,1],"2":[1,1,1,1,1,1]},"_coverageSchema":"1a1c01bbd47fc00a2c39e90264f33305004495a9","hash":"be54433b37a6f067e1ee3b5d73032b7833436764"}
}
