TN:
SF:src/index.js
FN:2,(anonymous_0)
FN:7,(anonymous_1)
FN:11,(anonymous_2)
FN:15,(anonymous_3)
FN:32,(anonymous_4)
FN:45,(anonymous_5)
FNF:6
FNH:6
FNDA:23,(anonymous_0)
FNDA:17,(anonymous_1)
FNDA:17,(anonymous_2)
FNDA:6,(anonymous_3)
FNDA:4,(anonymous_4)
FNDA:6,(anonymous_5)
DA:3,23
DA:4,23
DA:8,17
DA:12,17
DA:16,6
DA:18,1
DA:20,1
DA:22,1
DA:24,1
DA:26,1
DA:28,1
DA:33,4
DA:35,1
DA:37,1
DA:39,1
DA:41,1
DA:46,6
DA:48,1
DA:50,1
DA:52,1
DA:54,1
DA:56,1
DA:58,1
LF:23
LH:23
BRDA:16,0,0,1
BRDA:16,0,1,1
BRDA:16,0,2,1
BRDA:16,0,3,1
BRDA:16,0,4,1
BRDA:16,0,5,1
BRDA:33,1,0,1
BRDA:33,1,1,1
BRDA:33,1,2,1
BRDA:33,1,3,1
BRDA:46,2,0,1
BRDA:46,2,1,1
BRDA:46,2,2,1
BRDA:46,2,3,1
BRDA:46,2,4,1
BRDA:46,2,5,1
BRF:16
BRH:16
end_of_record
